[95002:0x110008000]       31 ms: Scavenge 2.4 (3.2) -> 2.0 (4.2) MB, 0.8 / 0.0 ms  (average mu = 1.000, current mu = 1.000) allocation failure 
[95002:0x110008000]       44 ms: Scavenge 2.6 (4.4) -> 2.3 (5.2) MB, 0.8 / 0.0 ms  (average mu = 1.000, current mu = 1.000) allocation failure 
[95002:0x110008000]       87 ms: Scavenge 3.3 (5.2) -> 2.8 (8.0) MB, 0.6 / 0.0 ms  (average mu = 1.000, current mu = 1.000) allocation failure 
[95002:0x110008000]      115 ms: Scavenge 5.1 (8.2) -> 4.0 (8.5) MB, 0.5 / 0.0 ms  (average mu = 1.000, current mu = 1.000) allocation failure 
[95002:0x110008000]      133 ms: Scavenge 5.5 (8.5) -> 4.4 (9.2) MB, 0.5 / 0.0 ms  (average mu = 1.000, current mu = 1.000) allocation failure 
[95002:0x110008000]      157 ms: Scavenge 6.2 (9.2) -> 5.0 (14.0) MB, 0.7 / 0.0 ms  (average mu = 1.000, current mu = 1.000) allocation failure 
[95002:0x110008000]      198 ms: Scavenge 10.1 (14.8) -> 7.2 (15.8) MB, 0.7 / 0.0 ms  (average mu = 1.000, current mu = 1.000) allocation failure 
[95002:0x110008000]      241 ms: Scavenge 11.9 (16.5) -> 10.1 (17.8) MB, 1.1 / 0.0 ms  (average mu = 1.000, current mu = 1.000) allocation failure 
[95002:0x110008000]      263 ms: Scavenge 13.0 (17.8) -> 11.7 (27.8) MB, 1.6 / 0.0 ms  (average mu = 1.000, current mu = 1.000) allocation failure 
[95002:0x110008000]      347 ms: Scavenge 19.4 (28.3) -> 14.2 (30.3) MB, 1.6 / 0.0 ms  (average mu = 1.000, current mu = 1.000) allocation failure 
[95002:0x110008000]      368 ms: Mark-sweep 16.3 (30.8) -> 11.5 (31.9) MB, 1.3 / 0.2 ms  (+ 0.5 ms in 9 steps since start of marking, biggest step 0.1 ms, walltime since start of marking 9 ms) (average mu = 1.000, current mu = 1.000) finalize incremental marking via stack guard GC in old space requested
[95002:0x110008000]      475 ms: Scavenge 20.1 (31.9) -> 14.5 (31.9) MB, 0.9 / 0.0 ms  (average mu = 1.000, current mu = 1.000) allocation failure 
[95002:0x110008000]      556 ms: Scavenge 21.7 (32.1) -> 17.2 (49.4) MB, 1.5 / 0.0 ms  (average mu = 1.000, current mu = 1.000) allocation failure 
[95002:0x110008000]      734 ms: Scavenge 34.3 (51.5) -> 23.6 (53.3) MB, 2.4 / 0.0 ms  (average mu = 1.000, current mu = 1.000) allocation failure 
[95002:0x110008000]      880 ms: Scavenge 38.2 (55.2) -> 29.3 (59.0) MB, 2.8 / 0.0 ms  (average mu = 1.000, current mu = 1.000) allocation failure 
[95002:0x110008000]     1039 ms: Scavenge 44.9 (61.6) -> 36.0 (65.9) MB, 3.3 / 0.0 ms  (average mu = 1.000, current mu = 1.000) allocation failure 
[95002:0x110008000]     1255 ms: Scavenge 51.9 (68.8) -> 42.3 (72.6) MB, 2.4 / 0.0 ms  (average mu = 1.000, current mu = 1.000) allocation failure 
[95002:0x110008000]     1313 ms: Mark-sweep 45.5 (72.9) -> 35.7 (74.4) MB, 4.3 / 0.3 ms  (+ 2.0 ms in 25 steps since start of marking, biggest step 0.1 ms, walltime since start of marking 30 ms) (average mu = 0.993, current mu = 0.993) finalize incremental marking via stack guard GC in old space requested
Serverless: Using configuration:
{
  "webpackConfig": "webpack.config.js",
  "includeModules": false,
  "packager": "npm",
  "packagerOptions": {},
  "keepOutputDirectory": false
}
Serverless: Removing /Users/kamilzuzda/Projects/Cabiri/repo/test-repo/services/service-2/dist
Serverless: Bundling with Webpack...
[95002:0x110008000]     1421 ms: Scavenge 56.1 (78.0) -> 39.6 (76.1) MB, 0.9 / 0.0 ms  (average mu = 0.993, current mu = 0.993) allocation failure 
request ./handler.js context /Users/kamilzuzda/Projects/Cabiri/repo/test-repo/services/service-2
request @middy/core context /Users/kamilzuzda/Projects/Cabiri/repo/test-repo/services/service-2
request @middy/http-json-body-parser context /Users/kamilzuzda/Projects/Cabiri/repo/test-repo/services/service-2
request @middy/http-error-handler context /Users/kamilzuzda/Projects/Cabiri/repo/test-repo/services/service-2
request @middy/validator context /Users/kamilzuzda/Projects/Cabiri/repo/test-repo/services/service-2
request ./isPromise context /Users/kamilzuzda/Projects/Cabiri/repo/test-repo/node_modules/@middy/core
request once context /Users/kamilzuzda/Projects/Cabiri/repo/test-repo/node_modules/@middy/core
request http-errors context /Users/kamilzuzda/Projects/Cabiri/repo/test-repo/node_modules/@middy/http-json-body-parser
request content-type context /Users/kamilzuzda/Projects/Cabiri/repo/test-repo/node_modules/@middy/http-json-body-parser
request http-errors context /Users/kamilzuzda/Projects/Cabiri/repo/test-repo/node_modules/@middy/validator
request ajv context /Users/kamilzuzda/Projects/Cabiri/repo/test-repo/node_modules/@middy/validator
request assert context /Users/kamilzuzda/Projects/Cabiri/repo/test-repo/node_modules/@middy/validator
[95002:0x110008000]     1564 ms: Scavenge 56.0 (76.9) -> 45.0 (78.4) MB, 1.8 / 0.0 ms  (average mu = 0.993, current mu = 0.993) allocation failure 
[95002:0x110008000]     1608 ms: Scavenge 57.1 (78.6) -> 49.4 (80.4) MB, 3.1 / 0.0 ms  (average mu = 0.993, current mu = 0.993) allocation failure 
[95002:0x110008000]     1643 ms: Scavenge 60.5 (80.9) -> 51.3 (82.9) MB, 3.5 / 0.0 ms  (average mu = 0.993, current mu = 0.993) allocation failure 
[95002:0x110008000]     1686 ms: Scavenge 64.6 (82.9) -> 53.5 (85.4) MB, 3.0 / 0.0 ms  (average mu = 0.993, current mu = 0.993) allocation failure 
[95002:0x110008000]     1727 ms: Scavenge 68.4 (86.0) -> 58.8 (88.2) MB, 2.2 / 0.0 ms  (average mu = 0.993, current mu = 0.993) allocation failure 
[95002:0x110008000]     1755 ms: Scavenge 70.5 (88.5) -> 63.1 (92.7) MB, 3.0 / 0.0 ms  (average mu = 0.993, current mu = 0.993) allocation failure 
[95002:0x110008000]     1782 ms: Scavenge 74.6 (92.7) -> 66.7 (96.5) MB, 2.9 / 0.0 ms  (average mu = 0.993, current mu = 0.993) allocation failure 
[95002:0x110008000]     1805 ms: Scavenge 79.4 (97.2) -> 69.3 (101.2) MB, 2.3 / 0.0 ms  (average mu = 0.993, current mu = 0.993) allocation failure 
[95002:0x110008000]     1830 ms: Scavenge 83.4 (101.2) -> 71.9 (103.2) MB, 1.5 / 0.0 ms  (average mu = 0.993, current mu = 0.993) allocation failure 
[95002:0x110008000]     1861 ms: Scavenge 85.6 (103.5) -> 76.8 (106.2) MB, 2.6 / 0.0 ms  (average mu = 0.993, current mu = 0.993) allocation failure 
[95002:0x110008000]     1889 ms: Scavenge 88.0 (106.4) -> 80.7 (110.9) MB, 3.3 / 0.0 ms  (average mu = 0.993, current mu = 0.993) allocation failure 
[95002:0x110008000]     1910 ms: Scavenge 92.5 (110.9) -> 82.7 (114.4) MB, 2.2 / 0.0 ms  (average mu = 0.993, current mu = 0.993) allocation failure 
[95002:0x110008000]     1937 ms: Scavenge 98.2 (116.0) -> 87.0 (118.5) MB, 2.3 / 0.0 ms  (average mu = 0.993, current mu = 0.993) allocation failure 
[95002:0x110008000]     1968 ms: Scavenge 100.7 (118.5) -> 91.9 (121.5) MB, 3.3 / 0.0 ms  (average mu = 0.993, current mu = 0.993) allocation failure 
[95002:0x110008000]     1990 ms: Scavenge 103.1 (121.5) -> 92.6 (124.7) MB, 2.5 / 0.0 ms  (average mu = 0.993, current mu = 0.993) allocation failure 
[95002:0x110008000]     2021 ms: Scavenge 106.7 (124.7) -> 95.8 (126.7) MB, 1.8 / 0.0 ms  (average mu = 0.993, current mu = 0.993) allocation failure 
[95002:0x110008000]     2051 ms: Scavenge 108.7 (126.7) -> 97.9 (129.5) MB, 2.1 / 0.0 ms  (average mu = 0.993, current mu = 0.993) allocation failure 
request wrappy context /Users/kamilzuzda/Projects/Cabiri/repo/test-repo/node_modules/once
request ./compile context /Users/kamilzuzda/Projects/Cabiri/repo/test-repo/node_modules/ajv/lib
request ./compile/resolve context /Users/kamilzuzda/Projects/Cabiri/repo/test-repo/node_modules/ajv/lib
request ./cache context /Users/kamilzuzda/Projects/Cabiri/repo/test-repo/node_modules/ajv/lib
request ./compile/schema_obj context /Users/kamilzuzda/Projects/Cabiri/repo/test-repo/node_modules/ajv/lib
request fast-json-stable-stringify context /Users/kamilzuzda/Projects/Cabiri/repo/test-repo/node_modules/ajv/lib
request ./compile/formats context /Users/kamilzuzda/Projects/Cabiri/repo/test-repo/node_modules/ajv/lib
request ./compile/rules context /Users/kamilzuzda/Projects/Cabiri/repo/test-repo/node_modules/ajv/lib
request ./data context /Users/kamilzuzda/Projects/Cabiri/repo/test-repo/node_modules/ajv/lib
request ./compile/util context /Users/kamilzuzda/Projects/Cabiri/repo/test-repo/node_modules/ajv/lib
request ./compile/async context /Users/kamilzuzda/Projects/Cabiri/repo/test-repo/node_modules/ajv/lib
request ./keyword context /Users/kamilzuzda/Projects/Cabiri/repo/test-repo/node_modules/ajv/lib
request ./compile/error_classes context /Users/kamilzuzda/Projects/Cabiri/repo/test-repo/node_modules/ajv/lib
request ./refs/data.json context /Users/kamilzuzda/Projects/Cabiri/repo/test-repo/node_modules/ajv/lib
request ./refs/json-schema-draft-07.json context /Users/kamilzuzda/Projects/Cabiri/repo/test-repo/node_modules/ajv/lib
request depd context /Users/kamilzuzda/Projects/Cabiri/repo/test-repo/node_modules/http-errors
request setprototypeof context /Users/kamilzuzda/Projects/Cabiri/repo/test-repo/node_modules/http-errors
request statuses context /Users/kamilzuzda/Projects/Cabiri/repo/test-repo/node_modules/http-errors
request inherits context /Users/kamilzuzda/Projects/Cabiri/repo/test-repo/node_modules/http-errors
request toidentifier context /Users/kamilzuzda/Projects/Cabiri/repo/test-repo/node_modules/http-errors
request ./ajv-errors/package.json context /Users/kamilzuzda/Projects/Cabiri/repo/test-repo/node_modules
request ./ajv-i18n/package.json context /Users/kamilzuzda/Projects/Cabiri/repo/test-repo/node_modules
request ./ajv-keywords/package.json context /Users/kamilzuzda/Projects/Cabiri/repo/test-repo/node_modules
request ./ajv-errors/ context /Users/kamilzuzda/Projects/Cabiri/repo/test-repo/node_modules
request ./ajv-errors/LICENSE context /Users/kamilzuzda/Projects/Cabiri/repo/test-repo/node_modules
request ./ajv-errors/README.md context /Users/kamilzuzda/Projects/Cabiri/repo/test-repo/node_modules
request ./ajv-errors/index context /Users/kamilzuzda/Projects/Cabiri/repo/test-repo/node_modules
request ./ajv-errors/index.js context /Users/kamilzuzda/Projects/Cabiri/repo/test-repo/node_modules
request ./ajv-errors/lib/dot/errorMessage.jst context /Users/kamilzuzda/Projects/Cabiri/repo/test-repo/node_modules
request ./ajv-errors/lib/dotjs/README.md context /Users/kamilzuzda/Projects/Cabiri/repo/test-repo/node_modules
request ./ajv-errors/lib/dotjs/errorMessage context /Users/kamilzuzda/Projects/Cabiri/repo/test-repo/node_modules
request ./ajv-errors/lib/dotjs/errorMessage.js context /Users/kamilzuzda/Projects/Cabiri/repo/test-repo/node_modules
request ./ajv-errors/package context /Users/kamilzuzda/Projects/Cabiri/repo/test-repo/node_modules
request ./ajv-errors/package.json context /Users/kamilzuzda/Projects/Cabiri/repo/test-repo/node_modules
request ./ajv-i18n/LICENSE context /Users/kamilzuzda/Projects/Cabiri/repo/test-repo/node_modules
request ./ajv-i18n/README.md context /Users/kamilzuzda/Projects/Cabiri/repo/test-repo/node_modules
request ./ajv-i18n/localize context /Users/kamilzuzda/Projects/Cabiri/repo/test-repo/node_modules
request ./ajv-i18n/localize/ context /Users/kamilzuzda/Projects/Cabiri/repo/test-repo/node_modules
request ./ajv-i18n/localize/README.md context /Users/kamilzuzda/Projects/Cabiri/repo/test-repo/node_modules
request ./ajv-i18n/localize/ar context /Users/kamilzuzda/Projects/Cabiri/repo/test-repo/node_modules
request ./ajv-i18n/localize/ar/ context /Users/kamilzuzda/Projects/Cabiri/repo/test-repo/node_modules
request ./ajv-i18n/localize/ar/index context /Users/kamilzuzda/Projects/Cabiri/repo/test-repo/node_modules
request ./ajv-i18n/localize/ar/index.js context /Users/kamilzuzda/Projects/Cabiri/repo/test-repo/node_modules
request ./ajv-i18n/localize/cz context /Users/kamilzuzda/Projects/Cabiri/repo/test-repo/node_modules
request ./ajv-i18n/localize/cz/ context /Users/kamilzuzda/Projects/Cabiri/repo/test-repo/node_modules
request ./ajv-i18n/localize/cz/index context /Users/kamilzuzda/Projects/Cabiri/repo/test-repo/node_modules
request ./ajv-i18n/localize/cz/index.js context /Users/kamilzuzda/Projects/Cabiri/repo/test-repo/node_modules
request ./ajv-i18n/localize/de context /Users/kamilzuzda/Projects/Cabiri/repo/test-repo/node_modules
request ./ajv-i18n/localize/de/ context /Users/kamilzuzda/Projects/Cabiri/repo/test-repo/node_modules
request ./ajv-i18n/localize/de/index context /Users/kamilzuzda/Projects/Cabiri/repo/test-repo/node_modules
request ./ajv-i18n/localize/de/index.js context /Users/kamilzuzda/Projects/Cabiri/repo/test-repo/node_modules
request ./ajv-i18n/localize/en context /Users/kamilzuzda/Projects/Cabiri/repo/test-repo/node_modules
request ./ajv-i18n/localize/en/ context /Users/kamilzuzda/Projects/Cabiri/repo/test-repo/node_modules
request ./ajv-i18n/localize/en/index context /Users/kamilzuzda/Projects/Cabiri/repo/test-repo/node_modules
request ./ajv-i18n/localize/en/index.js context /Users/kamilzuzda/Projects/Cabiri/repo/test-repo/node_modules
request ./ajv-i18n/localize/es context /Users/kamilzuzda/Projects/Cabiri/repo/test-repo/node_modules
request ./ajv-i18n/localize/es/ context /Users/kamilzuzda/Projects/Cabiri/repo/test-repo/node_modules
request ./ajv-i18n/localize/es/index context /Users/kamilzuzda/Projects/Cabiri/repo/test-repo/node_modules
request ./ajv-i18n/localize/es/index.js context /Users/kamilzuzda/Projects/Cabiri/repo/test-repo/node_modules
request ./ajv-i18n/localize/fr context /Users/kamilzuzda/Projects/Cabiri/repo/test-repo/node_modules
request ./ajv-i18n/localize/fr/ context /Users/kamilzuzda/Projects/Cabiri/repo/test-repo/node_modules
request ./ajv-i18n/localize/fr/index context /Users/kamilzuzda/Projects/Cabiri/repo/test-repo/node_modules
request ./ajv-i18n/localize/fr/index.js context /Users/kamilzuzda/Projects/Cabiri/repo/test-repo/node_modules
request ./ajv-i18n/localize/hu context /Users/kamilzuzda/Projects/Cabiri/repo/test-repo/node_modules
request ./ajv-i18n/localize/hu/ context /Users/kamilzuzda/Projects/Cabiri/repo/test-repo/node_modules
request ./ajv-i18n/localize/hu/index context /Users/kamilzuzda/Projects/Cabiri/repo/test-repo/node_modules
request ./ajv-i18n/localize/hu/index.js context /Users/kamilzuzda/Projects/Cabiri/repo/test-repo/node_modules
request ./ajv-i18n/localize/id context /Users/kamilzuzda/Projects/Cabiri/repo/test-repo/node_modules
request ./ajv-i18n/localize/id/ context /Users/kamilzuzda/Projects/Cabiri/repo/test-repo/node_modules
request ./ajv-i18n/localize/id/index context /Users/kamilzuzda/Projects/Cabiri/repo/test-repo/node_modules
request ./ajv-i18n/localize/id/index.js context /Users/kamilzuzda/Projects/Cabiri/repo/test-repo/node_modules
request ./ajv-i18n/localize/index context /Users/kamilzuzda/Projects/Cabiri/repo/test-repo/node_modules
request ./ajv-i18n/localize/index.js context /Users/kamilzuzda/Projects/Cabiri/repo/test-repo/node_modules
request ./ajv-i18n/localize/it context /Users/kamilzuzda/Projects/Cabiri/repo/test-repo/node_modules
request ./ajv-i18n/localize/it/ context /Users/kamilzuzda/Projects/Cabiri/repo/test-repo/node_modules
request ./ajv-i18n/localize/it/index context /Users/kamilzuzda/Projects/Cabiri/repo/test-repo/node_modules
request ./ajv-i18n/localize/it/index.js context /Users/kamilzuzda/Projects/Cabiri/repo/test-repo/node_modules
request ./ajv-i18n/localize/ja context /Users/kamilzuzda/Projects/Cabiri/repo/test-repo/node_modules
request ./ajv-i18n/localize/ja/ context /Users/kamilzuzda/Projects/Cabiri/repo/test-repo/node_modules
request ./ajv-i18n/localize/ja/index context /Users/kamilzuzda/Projects/Cabiri/repo/test-repo/node_modules
request ./ajv-i18n/localize/ja/index.js context /Users/kamilzuzda/Projects/Cabiri/repo/test-repo/node_modules
request ./ajv-i18n/localize/ko context /Users/kamilzuzda/Projects/Cabiri/repo/test-repo/node_modules
request ./ajv-i18n/localize/ko/ context /Users/kamilzuzda/Projects/Cabiri/repo/test-repo/node_modules
request ./ajv-i18n/localize/ko/index context /Users/kamilzuzda/Projects/Cabiri/repo/test-repo/node_modules
request ./ajv-i18n/localize/ko/index.js context /Users/kamilzuzda/Projects/Cabiri/repo/test-repo/node_modules
request ./ajv-i18n/localize/localize.jst context /Users/kamilzuzda/Projects/Cabiri/repo/test-repo/node_modules
request ./ajv-i18n/localize/nb context /Users/kamilzuzda/Projects/Cabiri/repo/test-repo/node_modules
request ./ajv-i18n/localize/nb/ context /Users/kamilzuzda/Projects/Cabiri/repo/test-repo/node_modules
request ./ajv-i18n/localize/nb/index context /Users/kamilzuzda/Projects/Cabiri/repo/test-repo/node_modules
request ./ajv-i18n/localize/nb/index.js context /Users/kamilzuzda/Projects/Cabiri/repo/test-repo/node_modules
request ./ajv-i18n/localize/nl context /Users/kamilzuzda/Projects/Cabiri/repo/test-repo/node_modules
request ./ajv-i18n/localize/nl/ context /Users/kamilzuzda/Projects/Cabiri/repo/test-repo/node_modules
request ./ajv-i18n/localize/nl/index context /Users/kamilzuzda/Projects/Cabiri/repo/test-repo/node_modules
request ./ajv-i18n/localize/nl/index.js context /Users/kamilzuzda/Projects/Cabiri/repo/test-repo/node_modules
request ./ajv-i18n/localize/pl context /Users/kamilzuzda/Projects/Cabiri/repo/test-repo/node_modules
request ./ajv-i18n/localize/pl/ context /Users/kamilzuzda/Projects/Cabiri/repo/test-repo/node_modules
request ./ajv-i18n/localize/pl/index context /Users/kamilzuzda/Projects/Cabiri/repo/test-repo/node_modules
request ./ajv-i18n/localize/pl/index.js context /Users/kamilzuzda/Projects/Cabiri/repo/test-repo/node_modules
request ./ajv-i18n/localize/pt-BR context /Users/kamilzuzda/Projects/Cabiri/repo/test-repo/node_modules
request ./ajv-i18n/localize/pt-BR/ context /Users/kamilzuzda/Projects/Cabiri/repo/test-repo/node_modules
request ./ajv-i18n/localize/pt-BR/index context /Users/kamilzuzda/Projects/Cabiri/repo/test-repo/node_modules
request ./ajv-i18n/localize/pt-BR/index.js context /Users/kamilzuzda/Projects/Cabiri/repo/test-repo/node_modules
request uri-js context /Users/kamilzuzda/Projects/Cabiri/repo/test-repo/node_modules/ajv/lib/compile
request json-schema-traverse context /Users/kamilzuzda/Projects/Cabiri/repo/test-repo/node_modules/ajv/lib/compile
request ./util context /Users/kamilzuzda/Projects/Cabiri/repo/test-repo/node_modules/ajv/lib/compile
request ./schema_obj context /Users/kamilzuzda/Projects/Cabiri/repo/test-repo/node_modules/ajv/lib/compile
request ./util context /Users/kamilzuzda/Projects/Cabiri/repo/test-repo/node_modules/ajv/lib/compile
request fast-deep-equal context /Users/kamilzuzda/Projects/Cabiri/repo/test-repo/node_modules/ajv/lib/compile
[95002:0x110008000]     2132 ms: Scavenge 111.9 (129.5) -> 100.9 (132.5) MB, 2.3 / 0.0 ms  (average mu = 0.993, current mu = 0.993) allocation failure 
request ./util context /Users/kamilzuzda/Projects/Cabiri/repo/test-repo/node_modules/ajv/lib/compile
request ./ajv-keywords/package.json context /Users/kamilzuzda/Projects/Cabiri/repo/test-repo/node_modules
request ../dotjs context /Users/kamilzuzda/Projects/Cabiri/repo/test-repo/node_modules/ajv/lib/compile
request ./util context /Users/kamilzuzda/Projects/Cabiri/repo/test-repo/node_modules/ajv/lib/compile
request ./ajv-keywords/package context /Users/kamilzuzda/Projects/Cabiri/repo/test-repo/node_modules
request fast-deep-equal context /Users/kamilzuzda/Projects/Cabiri/repo/test-repo/node_modules/ajv/lib/compile
request ./error_classes context /Users/kamilzuzda/Projects/Cabiri/repo/test-repo/node_modules/ajv/lib/compile
request ./ucs2length context /Users/kamilzuzda/Projects/Cabiri/repo/test-repo/node_modules/ajv/lib/compile
request ./dotjs/custom context /Users/kamilzuzda/Projects/Cabiri/repo/test-repo/node_modules/ajv/lib
request ./resolve context /Users/kamilzuzda/Projects/Cabiri/repo/test-repo/node_modules/ajv/lib/compile
request ./definition_schema context /Users/kamilzuzda/Projects/Cabiri/repo/test-repo/node_modules/ajv/lib
request ./ajv-keywords/keywords/uniqueItemProperties.js context /Users/kamilzuzda/Projects/Cabiri/repo/test-repo/node_modules
request ./ajv-keywords/keywords/uniqueItemProperties context /Users/kamilzuzda/Projects/Cabiri/repo/test-repo/node_modules
request ./ajv-keywords/keywords/typeof.js context /Users/kamilzuzda/Projects/Cabiri/repo/test-repo/node_modules
request ./ajv-keywords/keywords/typeof context /Users/kamilzuzda/Projects/Cabiri/repo/test-repo/node_modules
request ./ajv-keywords/keywords/transform.js context /Users/kamilzuzda/Projects/Cabiri/repo/test-repo/node_modules
request ./ajv-keywords/keywords/transform context /Users/kamilzuzda/Projects/Cabiri/repo/test-repo/node_modules
request ./ajv-keywords/keywords/switch.js context /Users/kamilzuzda/Projects/Cabiri/repo/test-repo/node_modules
request ./ajv-keywords/keywords/switch context /Users/kamilzuzda/Projects/Cabiri/repo/test-repo/node_modules
request ./ajv-keywords/keywords/select.js context /Users/kamilzuzda/Projects/Cabiri/repo/test-repo/node_modules
request ./lib/dotjs/errorMessage context /Users/kamilzuzda/Projects/Cabiri/repo/test-repo/node_modules/ajv-errors
request ./ajv-keywords/keywords/select context /Users/kamilzuzda/Projects/Cabiri/repo/test-repo/node_modules
request ./ajv-keywords/keywords/regexp.js context /Users/kamilzuzda/Projects/Cabiri/repo/test-repo/node_modules
request ./ajv-keywords/keywords/regexp context /Users/kamilzuzda/Projects/Cabiri/repo/test-repo/node_modules
request ./ajv-keywords/keywords/range.js context /Users/kamilzuzda/Projects/Cabiri/repo/test-repo/node_modules
request ./ajv-keywords/keywords/range context /Users/kamilzuzda/Projects/Cabiri/repo/test-repo/node_modules
request ./ajv-keywords/keywords/prohibited.js context /Users/kamilzuzda/Projects/Cabiri/repo/test-repo/node_modules
request ./ajv-keywords/keywords/prohibited context /Users/kamilzuzda/Projects/Cabiri/repo/test-repo/node_modules
request ./ajv-keywords/keywords/patternRequired.js context /Users/kamilzuzda/Projects/Cabiri/repo/test-repo/node_modules
request ./ajv-keywords/keywords/patternRequired context /Users/kamilzuzda/Projects/Cabiri/repo/test-repo/node_modules
request ./ajv-keywords/keywords/oneRequired.js context /Users/kamilzuzda/Projects/Cabiri/repo/test-repo/node_modules
request ./ajv-keywords/keywords/oneRequired context /Users/kamilzuzda/Projects/Cabiri/repo/test-repo/node_modules
request ./ajv-keywords/keywords/instanceof.js context /Users/kamilzuzda/Projects/Cabiri/repo/test-repo/node_modules
request ./ajv-keywords/keywords/instanceof context /Users/kamilzuzda/Projects/Cabiri/repo/test-repo/node_modules
request ./ajv-keywords/keywords/index.js context /Users/kamilzuzda/Projects/Cabiri/repo/test-repo/node_modules
request ./ajv-keywords/keywords/index context /Users/kamilzuzda/Projects/Cabiri/repo/test-repo/node_modules
request ./ajv-keywords/keywords/formatMinimum.js context /Users/kamilzuzda/Projects/Cabiri/repo/test-repo/node_modules
request ./ajv-keywords/keywords/formatMinimum context /Users/kamilzuzda/Projects/Cabiri/repo/test-repo/node_modules
request ./en context /Users/kamilzuzda/Projects/Cabiri/repo/test-repo/node_modules/ajv-i18n/localize
[95002:0x110008000]     2210 ms: Scavenge 114.6 (132.7) -> 103.4 (135.0) MB, 2.8 / 0.0 ms  (average mu = 0.993, current mu = 0.993) allocation failure 
request ./zh-TW context /Users/kamilzuzda/Projects/Cabiri/repo/test-repo/node_modules/ajv-i18n/localize
request ./zh context /Users/kamilzuzda/Projects/Cabiri/repo/test-repo/node_modules/ajv-i18n/localize
request ./th context /Users/kamilzuzda/Projects/Cabiri/repo/test-repo/node_modules/ajv-i18n/localize
request ./sv context /Users/kamilzuzda/Projects/Cabiri/repo/test-repo/node_modules/ajv-i18n/localize
request ./sk context /Users/kamilzuzda/Projects/Cabiri/repo/test-repo/node_modules/ajv-i18n/localize
request ./ru context /Users/kamilzuzda/Projects/Cabiri/repo/test-repo/node_modules/ajv-i18n/localize
request ./pt-BR context /Users/kamilzuzda/Projects/Cabiri/repo/test-repo/node_modules/ajv-i18n/localize
request ./pl context /Users/kamilzuzda/Projects/Cabiri/repo/test-repo/node_modules/ajv-i18n/localize
request ./nl context /Users/kamilzuzda/Projects/Cabiri/repo/test-repo/node_modules/ajv-i18n/localize
request ./nb context /Users/kamilzuzda/Projects/Cabiri/repo/test-repo/node_modules/ajv-i18n/localize
request ./ja context /Users/kamilzuzda/Projects/Cabiri/repo/test-repo/node_modules/ajv-i18n/localize
request ./it context /Users/kamilzuzda/Projects/Cabiri/repo/test-repo/node_modules/ajv-i18n/localize
request ./hu context /Users/kamilzuzda/Projects/Cabiri/repo/test-repo/node_modules/ajv-i18n/localize
request ./fr context /Users/kamilzuzda/Projects/Cabiri/repo/test-repo/node_modules/ajv-i18n/localize
request ./es context /Users/kamilzuzda/Projects/Cabiri/repo/test-repo/node_modules/ajv-i18n/localize
request ./de context /Users/kamilzuzda/Projects/Cabiri/repo/test-repo/node_modules/ajv-i18n/localize
request ./cz context /Users/kamilzuzda/Projects/Cabiri/repo/test-repo/node_modules/ajv-i18n/localize
request ./ar context /Users/kamilzuzda/Projects/Cabiri/repo/test-repo/node_modules/ajv-i18n/localize
request ./ajv-keywords/keywords/formatMaximum.js context /Users/kamilzuzda/Projects/Cabiri/repo/test-repo/node_modules
request ./ajv-keywords/keywords/formatMaximum context /Users/kamilzuzda/Projects/Cabiri/repo/test-repo/node_modules
request ./ajv-keywords/keywords/dynamicDefaults.js context /Users/kamilzuzda/Projects/Cabiri/repo/test-repo/node_modules
request ./ajv-keywords/keywords/dynamicDefaults context /Users/kamilzuzda/Projects/Cabiri/repo/test-repo/node_modules
request ./ajv-keywords/keywords/dotjs/switch.js context /Users/kamilzuzda/Projects/Cabiri/repo/test-repo/node_modules
request ./ajv-keywords/keywords/dotjs/switch context /Users/kamilzuzda/Projects/Cabiri/repo/test-repo/node_modules
request ./ajv-keywords/keywords/dotjs/patternRequired.js context /Users/kamilzuzda/Projects/Cabiri/repo/test-repo/node_modules
request ./ajv-keywords/keywords/dotjs/patternRequired context /Users/kamilzuzda/Projects/Cabiri/repo/test-repo/node_modules
request ./ajv-keywords/keywords/dotjs/_formatLimit.js context /Users/kamilzuzda/Projects/Cabiri/repo/test-repo/node_modules
request ./ajv-keywords/keywords/dotjs/_formatLimit context /Users/kamilzuzda/Projects/Cabiri/repo/test-repo/node_modules
request ./ajv-keywords/keywords/dotjs/README.md context /Users/kamilzuzda/Projects/Cabiri/repo/test-repo/node_modules
request ./ajv-keywords/keywords/dot/switch.jst context /Users/kamilzuzda/Projects/Cabiri/repo/test-repo/node_modules
request ./ajv-keywords/keywords/dot/patternRequired.jst context /Users/kamilzuzda/Projects/Cabiri/repo/test-repo/node_modules
request ./ajv-keywords/keywords/dot/_formatLimit.jst context /Users/kamilzuzda/Projects/Cabiri/repo/test-repo/node_modules
request ./ajv-keywords/keywords/deepRequired.js context /Users/kamilzuzda/Projects/Cabiri/repo/test-repo/node_modules
request ./ajv-keywords/keywords/deepRequired context /Users/kamilzuzda/Projects/Cabiri/repo/test-repo/node_modules
request ./ajv-keywords/keywords/deepProperties.js context /Users/kamilzuzda/Projects/Cabiri/repo/test-repo/node_modules
request ./ajv-keywords/keywords/deepProperties context /Users/kamilzuzda/Projects/Cabiri/repo/test-repo/node_modules
request ./ajv-keywords/keywords/anyRequired.js context /Users/kamilzuzda/Projects/Cabiri/repo/test-repo/node_modules
request ./ajv-keywords/keywords/anyRequired context /Users/kamilzuzda/Projects/Cabiri/repo/test-repo/node_modules
request ./ajv-keywords/keywords/allRequired.js context /Users/kamilzuzda/Projects/Cabiri/repo/test-repo/node_modules
request ./ajv-keywords/keywords/allRequired context /Users/kamilzuzda/Projects/Cabiri/repo/test-repo/node_modules
request ./ajv-keywords/keywords/_util.js context /Users/kamilzuzda/Projects/Cabiri/repo/test-repo/node_modules
request ./ajv-keywords/keywords/_util context /Users/kamilzuzda/Projects/Cabiri/repo/test-repo/node_modules
request ./ajv-keywords/keywords/_formatLimit.js context /Users/kamilzuzda/Projects/Cabiri/repo/test-repo/node_modules
request ./ajv-keywords/keywords/_formatLimit context /Users/kamilzuzda/Projects/Cabiri/repo/test-repo/node_modules
request ./ajv-keywords/keywords/ context /Users/kamilzuzda/Projects/Cabiri/repo/test-repo/node_modules
request ./ajv-keywords/keywords context /Users/kamilzuzda/Projects/Cabiri/repo/test-repo/node_modules
request ./ajv-keywords/index.js context /Users/kamilzuzda/Projects/Cabiri/repo/test-repo/node_modules
request ./ajv-keywords/index context /Users/kamilzuzda/Projects/Cabiri/repo/test-repo/node_modules
request ./ajv-keywords/ajv-keywords.d.ts context /Users/kamilzuzda/Projects/Cabiri/repo/test-repo/node_modules
request ./resolve context /Users/kamilzuzda/Projects/Cabiri/repo/test-repo/node_modules/ajv/lib/compile
request fast-deep-equal context /Users/kamilzuzda/Projects/Cabiri/repo/test-repo/node_modules/ajv/lib/compile
request ../dotjs/validate context /Users/kamilzuzda/Projects/Cabiri/repo/test-repo/node_modules/ajv/lib/compile
request fast-json-stable-stringify context /Users/kamilzuzda/Projects/Cabiri/repo/test-repo/node_modules/ajv/lib/compile
request ./error_classes context /Users/kamilzuzda/Projects/Cabiri/repo/test-repo/node_modules/ajv/lib/compile
request ./util context /Users/kamilzuzda/Projects/Cabiri/repo/test-repo/node_modules/ajv/lib/compile
request ./ajv-keywords/README.md context /Users/kamilzuzda/Projects/Cabiri/repo/test-repo/node_modules
request ./ajv-keywords/LICENSE context /Users/kamilzuzda/Projects/Cabiri/repo/test-repo/node_modules
request ./ajv-keywords/ context /Users/kamilzuzda/Projects/Cabiri/repo/test-repo/node_modules
request ./ajv-i18n/package.json context /Users/kamilzuzda/Projects/Cabiri/repo/test-repo/node_modules
request ./ajv-i18n/package context /Users/kamilzuzda/Projects/Cabiri/repo/test-repo/node_modules
request ./ajv-i18n/localize/zh/index.js context /Users/kamilzuzda/Projects/Cabiri/repo/test-repo/node_modules
request ./ajv-i18n/localize/zh/index context /Users/kamilzuzda/Projects/Cabiri/repo/test-repo/node_modules
request ./ajv-i18n/localize/zh/ context /Users/kamilzuzda/Projects/Cabiri/repo/test-repo/node_modules
request ./ajv-i18n/localize/zh-TW/index.js context /Users/kamilzuzda/Projects/Cabiri/repo/test-repo/node_modules
request ./ajv-i18n/localize/zh-TW/index context /Users/kamilzuzda/Projects/Cabiri/repo/test-repo/node_modules
request ./ajv-i18n/localize/zh-TW/ context /Users/kamilzuzda/Projects/Cabiri/repo/test-repo/node_modules
request ./ajv-i18n/localize/zh-TW context /Users/kamilzuzda/Projects/Cabiri/repo/test-repo/node_modules
request ./ajv-i18n/localize/zh context /Users/kamilzuzda/Projects/Cabiri/repo/test-repo/node_modules
request ./ajv-i18n/localize/th/index.js context /Users/kamilzuzda/Projects/Cabiri/repo/test-repo/node_modules
request ./ajv-i18n/localize/th/index context /Users/kamilzuzda/Projects/Cabiri/repo/test-repo/node_modules
request ./ajv-i18n/localize/th/ context /Users/kamilzuzda/Projects/Cabiri/repo/test-repo/node_modules
request ./ajv-i18n/localize/th context /Users/kamilzuzda/Projects/Cabiri/repo/test-repo/node_modules
request ./ajv-i18n/localize/sv/index.js context /Users/kamilzuzda/Projects/Cabiri/repo/test-repo/node_modules
request ./ajv-i18n/localize/sv/index context /Users/kamilzuzda/Projects/Cabiri/repo/test-repo/node_modules
request ./ajv-i18n/localize/sv/ context /Users/kamilzuzda/Projects/Cabiri/repo/test-repo/node_modules
request ./ajv-i18n/localize/sv context /Users/kamilzuzda/Projects/Cabiri/repo/test-repo/node_modules
request ./ajv-i18n/localize/sk/index.js context /Users/kamilzuzda/Projects/Cabiri/repo/test-repo/node_modules
request ./ajv-i18n/localize/sk/index context /Users/kamilzuzda/Projects/Cabiri/repo/test-repo/node_modules
request ./ajv-i18n/localize/sk/ context /Users/kamilzuzda/Projects/Cabiri/repo/test-repo/node_modules
request ./ajv-i18n/localize/sk context /Users/kamilzuzda/Projects/Cabiri/repo/test-repo/node_modules
request ./ajv-i18n/localize/ru/index.js context /Users/kamilzuzda/Projects/Cabiri/repo/test-repo/node_modules
request ./ajv-i18n/localize/ru/index context /Users/kamilzuzda/Projects/Cabiri/repo/test-repo/node_modules
request ./ajv-i18n/localize/ru/ context /Users/kamilzuzda/Projects/Cabiri/repo/test-repo/node_modules
request ./ajv-i18n/localize/ru context /Users/kamilzuzda/Projects/Cabiri/repo/test-repo/node_modules
request ./_util context /Users/kamilzuzda/Projects/Cabiri/repo/test-repo/node_modules/ajv-keywords/keywords
request ./dotjs/switch context /Users/kamilzuzda/Projects/Cabiri/repo/test-repo/node_modules/ajv-keywords/keywords
request util context /Users/kamilzuzda/Projects/Cabiri/repo/test-repo/node_modules/inherits
request ./inherits_browser.js context /Users/kamilzuzda/Projects/Cabiri/repo/test-repo/node_modules/inherits
request ./_util context /Users/kamilzuzda/Projects/Cabiri/repo/test-repo/node_modules/ajv-keywords/keywords
[95002:0x110008000]     2260 ms: Scavenge 117.0 (135.0) -> 105.0 (137.2) MB, 2.1 / 0.0 ms  (average mu = 0.993, current mu = 0.993) allocation failure 
request ./refs/json-schema-draft-07.json context /Users/kamilzuzda/Projects/Cabiri/repo/test-repo/node_modules/ajv/lib
request ./dotjs/patternRequired context /Users/kamilzuzda/Projects/Cabiri/repo/test-repo/node_modules/ajv-keywords/keywords
request ./instanceof context /Users/kamilzuzda/Projects/Cabiri/repo/test-repo/node_modules/ajv-keywords/keywords
request ./range context /Users/kamilzuzda/Projects/Cabiri/repo/test-repo/node_modules/ajv-keywords/keywords
request ./regexp context /Users/kamilzuzda/Projects/Cabiri/repo/test-repo/node_modules/ajv-keywords/keywords
request ./typeof context /Users/kamilzuzda/Projects/Cabiri/repo/test-repo/node_modules/ajv-keywords/keywords
request ./dynamicDefaults context /Users/kamilzuzda/Projects/Cabiri/repo/test-repo/node_modules/ajv-keywords/keywords
request ./allRequired context /Users/kamilzuzda/Projects/Cabiri/repo/test-repo/node_modules/ajv-keywords/keywords
request ./anyRequired context /Users/kamilzuzda/Projects/Cabiri/repo/test-repo/node_modules/ajv-keywords/keywords
request ./oneRequired context /Users/kamilzuzda/Projects/Cabiri/repo/test-repo/node_modules/ajv-keywords/keywords
request ./prohibited context /Users/kamilzuzda/Projects/Cabiri/repo/test-repo/node_modules/ajv-keywords/keywords
request ./uniqueItemProperties context /Users/kamilzuzda/Projects/Cabiri/repo/test-repo/node_modules/ajv-keywords/keywords
request ./deepProperties context /Users/kamilzuzda/Projects/Cabiri/repo/test-repo/node_modules/ajv-keywords/keywords
request ./deepRequired context /Users/kamilzuzda/Projects/Cabiri/repo/test-repo/node_modules/ajv-keywords/keywords
request ./formatMinimum context /Users/kamilzuzda/Projects/Cabiri/repo/test-repo/node_modules/ajv-keywords/keywords
request ./transform context /Users/kamilzuzda/Projects/Cabiri/repo/test-repo/node_modules/ajv-keywords/keywords
request ./select context /Users/kamilzuzda/Projects/Cabiri/repo/test-repo/node_modules/ajv-keywords/keywords
request ./switch context /Users/kamilzuzda/Projects/Cabiri/repo/test-repo/node_modules/ajv-keywords/keywords
request ./patternRequired context /Users/kamilzuzda/Projects/Cabiri/repo/test-repo/node_modules/ajv-keywords/keywords
request ./formatMaximum context /Users/kamilzuzda/Projects/Cabiri/repo/test-repo/node_modules/ajv-keywords/keywords
request ./_formatLimit context /Users/kamilzuzda/Projects/Cabiri/repo/test-repo/node_modules/ajv-keywords/keywords
request ./_formatLimit context /Users/kamilzuzda/Projects/Cabiri/repo/test-repo/node_modules/ajv-keywords/keywords
request ./_util context /Users/kamilzuzda/Projects/Cabiri/repo/test-repo/node_modules/ajv-keywords/keywords
request ./dotjs/_formatLimit context /Users/kamilzuzda/Projects/Cabiri/repo/test-repo/node_modules/ajv-keywords/keywords
request ./keywords context /Users/kamilzuzda/Projects/Cabiri/repo/test-repo/node_modules/ajv-keywords
request ./codes.json context /Users/kamilzuzda/Projects/Cabiri/repo/test-repo/node_modules/statuses
request ./lib/compat context /Users/kamilzuzda/Projects/Cabiri/repo/test-repo/node_modules/depd
request path context /Users/kamilzuzda/Projects/Cabiri/repo/test-repo/node_modules/depd
[95002:0x110008000]     2318 ms: Scavenge 119.3 (137.2) -> 106.4 (139.0) MB, 2.3 / 0.0 ms  (average mu = 0.993, current mu = 0.993) allocation failure 
request ./ref context /Users/kamilzuzda/Projects/Cabiri/repo/test-repo/node_modules/ajv/lib/dotjs
request ./allOf context /Users/kamilzuzda/Projects/Cabiri/repo/test-repo/node_modules/ajv/lib/dotjs
request ./anyOf context /Users/kamilzuzda/Projects/Cabiri/repo/test-repo/node_modules/ajv/lib/dotjs
request ./comment context /Users/kamilzuzda/Projects/Cabiri/repo/test-repo/node_modules/ajv/lib/dotjs
request ./const context /Users/kamilzuzda/Projects/Cabiri/repo/test-repo/node_modules/ajv/lib/dotjs
request ./contains context /Users/kamilzuzda/Projects/Cabiri/repo/test-repo/node_modules/ajv/lib/dotjs
request ./dependencies context /Users/kamilzuzda/Projects/Cabiri/repo/test-repo/node_modules/ajv/lib/dotjs
request ./enum context /Users/kamilzuzda/Projects/Cabiri/repo/test-repo/node_modules/ajv/lib/dotjs
request ./format context /Users/kamilzuzda/Projects/Cabiri/repo/test-repo/node_modules/ajv/lib/dotjs
request ./if context /Users/kamilzuzda/Projects/Cabiri/repo/test-repo/node_modules/ajv/lib/dotjs
request ./items context /Users/kamilzuzda/Projects/Cabiri/repo/test-repo/node_modules/ajv/lib/dotjs
request ./_limit context /Users/kamilzuzda/Projects/Cabiri/repo/test-repo/node_modules/ajv/lib/dotjs
request ./_limitItems context /Users/kamilzuzda/Projects/Cabiri/repo/test-repo/node_modules/ajv/lib/dotjs
request ./_limitLength context /Users/kamilzuzda/Projects/Cabiri/repo/test-repo/node_modules/ajv/lib/dotjs
request ./_limitProperties context /Users/kamilzuzda/Projects/Cabiri/repo/test-repo/node_modules/ajv/lib/dotjs
request ./multipleOf context /Users/kamilzuzda/Projects/Cabiri/repo/test-repo/node_modules/ajv/lib/dotjs
request ./not context /Users/kamilzuzda/Projects/Cabiri/repo/test-repo/node_modules/ajv/lib/dotjs
request ./oneOf context /Users/kamilzuzda/Projects/Cabiri/repo/test-repo/node_modules/ajv/lib/dotjs
request ./pattern context /Users/kamilzuzda/Projects/Cabiri/repo/test-repo/node_modules/ajv/lib/dotjs
request ./properties context /Users/kamilzuzda/Projects/Cabiri/repo/test-repo/node_modules/ajv/lib/dotjs
request ./propertyNames context /Users/kamilzuzda/Projects/Cabiri/repo/test-repo/node_modules/ajv/lib/dotjs
request ./required context /Users/kamilzuzda/Projects/Cabiri/repo/test-repo/node_modules/ajv/lib/dotjs
request ./uniqueItems context /Users/kamilzuzda/Projects/Cabiri/repo/test-repo/node_modules/ajv/lib/dotjs
request ./validate context /Users/kamilzuzda/Projects/Cabiri/repo/test-repo/node_modules/ajv/lib/dotjs
[95002:0x110008000]     2365 ms: Scavenge 121.2 (139.2) -> 107.5 (140.7) MB, 1.8 / 0.0 ms  (average mu = 0.993, current mu = 0.993) allocation failure 
request events context /Users/kamilzuzda/Projects/Cabiri/repo/test-repo/node_modules/depd/lib/compat
request ./callsite-tostring context /Users/kamilzuzda/Projects/Cabiri/repo/test-repo/node_modules/depd/lib/compat
request ./event-listener-count context /Users/kamilzuzda/Projects/Cabiri/repo/test-repo/node_modules/depd/lib/compat
[95002:0x110008000]     2413 ms: Scavenge 122.9 (140.7) -> 110.6 (142.0) MB, 2.0 / 0.1 ms  (average mu = 0.993, current mu = 0.993) allocation failure 
[95002:0x110008000]     2430 ms: Scavenge 123.8 (142.0) -> 113.9 (144.2) MB, 2.9 / 0.0 ms  (average mu = 0.993, current mu = 0.993) allocation failure 
[95002:0x110008000]     2451 ms: Scavenge 126.2 (144.2) -> 116.4 (147.7) MB, 3.6 / 0.0 ms  (average mu = 0.993, current mu = 0.993) allocation failure 
Hash: 63001567e0eace263944
Version: webpack 4.44.2
Time: 1009ms
Built at: 09/23/2020 11:20:40
         Asset     Size  Chunks                          Chunk Names
    handler.js  508 KiB       0  [emitted]        [big]  handler
handler.js.map  101 KiB       0  [emitted] [dev]         handler
Entrypoint handler [big] = handler.js handler.js.map
  [0] /Users/kamilzuzda/Projects/Cabiri/repo/test-repo/node_modules/ajv/lib/compile/util.js 6.81 KiB {0} [built]
 [56] /Users/kamilzuzda/Projects/Cabiri/repo/test-repo/node_modules/http-errors/index.js 6.37 KiB {0} [built]
 [66] ./handler.js 1.93 KiB {0} [built]
 [67] /Users/kamilzuzda/Projects/Cabiri/repo/test-repo/node_modules/@middy/core/index.js 7.56 KiB {0} [built]
 [68] /Users/kamilzuzda/Projects/Cabiri/repo/test-repo/node_modules/@middy/core/isPromise.js 120 bytes {0} [built]
 [69] /Users/kamilzuzda/Projects/Cabiri/repo/test-repo/node_modules/once/once.js 935 bytes {0} [built]
 [71] /Users/kamilzuzda/Projects/Cabiri/repo/test-repo/node_modules/@middy/http-json-body-parser/index.js 903 bytes {0} [built]
 [84] /Users/kamilzuzda/Projects/Cabiri/repo/test-repo/node_modules/content-type/index.js 4.7 KiB {0} [built]
 [85] /Users/kamilzuzda/Projects/Cabiri/repo/test-repo/node_modules/@middy/http-error-handler/index.js 650 bytes {0} [built]
 [86] /Users/kamilzuzda/Projects/Cabiri/repo/test-repo/node_modules/@middy/validator/index.js 3.35 KiB {0} [built]
 [87] /Users/kamilzuzda/Projects/Cabiri/repo/test-repo/node_modules/ajv/lib/ajv.js 15.5 KiB {0} [built]
[121] external "assert" 42 bytes {0} [built]
[122] /Users/kamilzuzda/Projects/Cabiri/repo/test-repo/node_modules/@middy/validator sync ^ajv\-.*$ 160 bytes {0} [optional] [built]
[123] /Users/kamilzuzda/Projects/Cabiri/repo/test-repo/node_modules sync ^\.\/ajv\-.*\/package\.json$ 250 bytes {0} [built]
[124] /Users/kamilzuzda/Projects/Cabiri/repo/test-repo/node_modules sync ^\.\/ajv\-.*\/.*$ 5.73 KiB {0} [built]
    + 125 hidden modules

LOG from webpack.buildChunkGraph.visitModules
<t> prepare: 0.429929ms
<t> visiting: 0.447325ms

WARNING in /Users/kamilzuzda/Projects/Cabiri/repo/test-repo/node_modules/ajv-errors/README.md 1:0
Module parse failed: Unexpected character '#' (1:0)
You may need an appropriate loader to handle this file type, currently no loaders are configured to process this file. See https://webpack.js.org/concepts#loaders
> # ajv-errors
| Custom error messages in JSON-Schema for Ajv validator
| 
 @ /Users/kamilzuzda/Projects/Cabiri/repo/test-repo/node_modules sync ^\.\/ajv\-.*\/.*$ ./ajv-errors/README.md
 @ /Users/kamilzuzda/Projects/Cabiri/repo/test-repo/node_modules/@middy/validator/index.js
 @ ./handler.js

WARNING in /Users/kamilzuzda/Projects/Cabiri/repo/test-repo/node_modules/ajv-i18n/README.md 1:0
Module parse failed: Unexpected character '#' (1:0)
You may need an appropriate loader to handle this file type, currently no loaders are configured to process this file. See https://webpack.js.org/concepts#loaders
> # ajv-i18n
| 
| Internationalised error messages for [Ajv](https://github.com/epoberezkin/ajv) - currently the fastest JSON-Schema validator
 @ /Users/kamilzuzda/Projects/Cabiri/repo/test-repo/node_modules sync ^\.\/ajv\-.*\/.*$ ./ajv-i18n/README.md
 @ /Users/kamilzuzda/Projects/Cabiri/repo/test-repo/node_modules/@middy/validator/index.js
 @ ./handler.js

WARNING in /Users/kamilzuzda/Projects/Cabiri/repo/test-repo/node_modules/ajv-keywords/README.md 1:0
Module parse failed: Unexpected character '#' (1:0)
You may need an appropriate loader to handle this file type, currently no loaders are configured to process this file. See https://webpack.js.org/concepts#loaders
> # ajv-keywords
| 
| Custom JSON-Schema keywords for [Ajv](https://github.com/epoberezkin/ajv) validator
 @ /Users/kamilzuzda/Projects/Cabiri/repo/test-repo/node_modules sync ^\.\/ajv\-.*\/.*$ ./ajv-keywords/README.md
 @ /Users/kamilzuzda/Projects/Cabiri/repo/test-repo/node_modules/@middy/validator/index.js
 @ ./handler.js

WARNING in /Users/kamilzuzda/Projects/Cabiri/repo/test-repo/node_modules/ajv-errors/lib/dot/errorMessage.jst 1:2
Module parse failed: Unexpected character '#' (1:2)
You may need an appropriate loader to handle this file type, currently no loaders are configured to process this file. See https://webpack.js.org/concepts#loaders
> {{# def.definitions }}
| {{# def.errors }}
| {{# def.setupKeyword }}
 @ /Users/kamilzuzda/Projects/Cabiri/repo/test-repo/node_modules sync ^\.\/ajv\-.*\/.*$ ./ajv-errors/lib/dot/errorMessage.jst
 @ /Users/kamilzuzda/Projects/Cabiri/repo/test-repo/node_modules/@middy/validator/index.js
 @ ./handler.js

WARNING in /Users/kamilzuzda/Projects/Cabiri/repo/test-repo/node_modules/ajv-keywords/keywords/dot/switch.jst 1:2
Module parse failed: Unexpected character '#' (1:2)
You may need an appropriate loader to handle this file type, currently no loaders are configured to process this file. See https://webpack.js.org/concepts#loaders
> {{# def.definitions }}
| {{# def.errors }}
| {{# def.setupKeyword }}
 @ /Users/kamilzuzda/Projects/Cabiri/repo/test-repo/node_modules sync ^\.\/ajv\-.*\/.*$ ./ajv-keywords/keywords/dot/switch.jst
 @ /Users/kamilzuzda/Projects/Cabiri/repo/test-repo/node_modules/@middy/validator/index.js
 @ ./handler.js

WARNING in /Users/kamilzuzda/Projects/Cabiri/repo/test-repo/node_modules/ajv-keywords/keywords/dot/patternRequired.jst 1:2
Module parse failed: Unexpected character '#' (1:2)
You may need an appropriate loader to handle this file type, currently no loaders are configured to process this file. See https://webpack.js.org/concepts#loaders
> {{# def.definitions }}
| {{# def.errors }}
| {{# def.setupKeyword }}
 @ /Users/kamilzuzda/Projects/Cabiri/repo/test-repo/node_modules sync ^\.\/ajv\-.*\/.*$ ./ajv-keywords/keywords/dot/patternRequired.jst
 @ /Users/kamilzuzda/Projects/Cabiri/repo/test-repo/node_modules/@middy/validator/index.js
 @ ./handler.js

WARNING in /Users/kamilzuzda/Projects/Cabiri/repo/test-repo/node_modules/ajv-keywords/keywords/dot/_formatLimit.jst 1:2
Module parse failed: Unexpected character '#' (1:2)
You may need an appropriate loader to handle this file type, currently no loaders are configured to process this file. See https://webpack.js.org/concepts#loaders
> {{# def.definitions }}
| {{# def.errors }}
| {{# def.setupKeyword }}
 @ /Users/kamilzuzda/Projects/Cabiri/repo/test-repo/node_modules sync ^\.\/ajv\-.*\/.*$ ./ajv-keywords/keywords/dot/_formatLimit.jst
 @ /Users/kamilzuzda/Projects/Cabiri/repo/test-repo/node_modules/@middy/validator/index.js
 @ ./handler.js

WARNING in /Users/kamilzuzda/Projects/Cabiri/repo/test-repo/node_modules/ajv-i18n/localize/localize.jst 10:26
Module parse failed: Unexpected token (10:26)
You may need an appropriate loader to handle this file type, currently no loaders are configured to process this file. See https://webpack.js.org/concepts#loaders
| 
| {{ var name = 'localize_' + it.locale.replace('-','_'); }}
> module.exports = function {{=name}}(errors) {
|   if (!(errors && errors.length)) return;
|   for (var i=0; i<errors.length; i++) {
 @ /Users/kamilzuzda/Projects/Cabiri/repo/test-repo/node_modules sync ^\.\/ajv\-.*\/.*$ ./ajv-i18n/localize/localize.jst
 @ /Users/kamilzuzda/Projects/Cabiri/repo/test-repo/node_modules/@middy/validator/index.js
 @ ./handler.js

WARNING in /Users/kamilzuzda/Projects/Cabiri/repo/test-repo/node_modules/ajv-errors/LICENSE 1:4
Module parse failed: Unexpected token (1:4)
You may need an appropriate loader to handle this file type, currently no loaders are configured to process this file. See https://webpack.js.org/concepts#loaders
> MIT License
| 
| Copyright (c) 2017 Evgeny Poberezkin
 @ /Users/kamilzuzda/Projects/Cabiri/repo/test-repo/node_modules sync ^\.\/ajv\-.*\/.*$ ./ajv-errors/LICENSE
 @ /Users/kamilzuzda/Projects/Cabiri/repo/test-repo/node_modules/@middy/validator/index.js
 @ ./handler.js

WARNING in /Users/kamilzuzda/Projects/Cabiri/repo/test-repo/node_modules/ajv-i18n/LICENSE 1:4
Module parse failed: Unexpected token (1:4)
You may need an appropriate loader to handle this file type, currently no loaders are configured to process this file. See https://webpack.js.org/concepts#loaders
> The MIT License (MIT)
| 
| Copyright (c) 2015 Evgeny Poberezkin
 @ /Users/kamilzuzda/Projects/Cabiri/repo/test-repo/node_modules sync ^\.\/ajv\-.*\/.*$ ./ajv-i18n/LICENSE
 @ /Users/kamilzuzda/Projects/Cabiri/repo/test-repo/node_modules/@middy/validator/index.js
 @ ./handler.js

WARNING in /Users/kamilzuzda/Projects/Cabiri/repo/test-repo/node_modules/ajv-keywords/LICENSE 1:4
Module parse failed: Unexpected token (1:4)
You may need an appropriate loader to handle this file type, currently no loaders are configured to process this file. See https://webpack.js.org/concepts#loaders
> The MIT License (MIT)
| 
| Copyright (c) 2016 Evgeny Poberezkin
 @ /Users/kamilzuzda/Projects/Cabiri/repo/test-repo/node_modules sync ^\.\/ajv\-.*\/.*$ ./ajv-keywords/LICENSE
 @ /Users/kamilzuzda/Projects/Cabiri/repo/test-repo/node_modules/@middy/validator/index.js
 @ ./handler.js

WARNING in /Users/kamilzuzda/Projects/Cabiri/repo/test-repo/node_modules/ajv-i18n/localize/README.md 1:5
Module parse failed: Unexpected token (1:5)
You may need an appropriate loader to handle this file type, currently no loaders are configured to process this file. See https://webpack.js.org/concepts#loaders
> This folder contains compiled localization functions.
| 
| Do not edit these functions directly, edit [messages/index.js](https://github.com/epoberezkin/ajv-i18n/tree/master/messages/index.js).
 @ /Users/kamilzuzda/Projects/Cabiri/repo/test-repo/node_modules sync ^\.\/ajv\-.*\/.*$ ./ajv-i18n/localize/README.md
 @ /Users/kamilzuzda/Projects/Cabiri/repo/test-repo/node_modules/@middy/validator/index.js
 @ ./handler.js

WARNING in /Users/kamilzuzda/Projects/Cabiri/repo/test-repo/node_modules/ajv-errors/lib/dotjs/README.md 1:6
Module parse failed: Unexpected token (1:6)
You may need an appropriate loader to handle this file type, currently no loaders are configured to process this file. See https://webpack.js.org/concepts#loaders
> These files are compiled dot templates from dot folder.
| 
| Do NOT edit them directly, edit the templates and run `npm run build` from main ajv-keywords folder.
 @ /Users/kamilzuzda/Projects/Cabiri/repo/test-repo/node_modules sync ^\.\/ajv\-.*\/.*$ ./ajv-errors/lib/dotjs/README.md
 @ /Users/kamilzuzda/Projects/Cabiri/repo/test-repo/node_modules/@middy/validator/index.js
 @ ./handler.js

WARNING in /Users/kamilzuzda/Projects/Cabiri/repo/test-repo/node_modules/ajv-keywords/keywords/dotjs/README.md 1:6
Module parse failed: Unexpected token (1:6)
You may need an appropriate loader to handle this file type, currently no loaders are configured to process this file. See https://webpack.js.org/concepts#loaders
> These files are compiled dot templates from dot folder.
| 
| Do NOT edit them directly, edit the templates and run `npm run build` from main ajv-keywords folder.
 @ /Users/kamilzuzda/Projects/Cabiri/repo/test-repo/node_modules sync ^\.\/ajv\-.*\/.*$ ./ajv-keywords/keywords/dotjs/README.md
 @ /Users/kamilzuzda/Projects/Cabiri/repo/test-repo/node_modules/@middy/validator/index.js
 @ ./handler.js

WARNING in /Users/kamilzuzda/Projects/Cabiri/repo/test-repo/node_modules/ajv-keywords/ajv-keywords.d.ts 1:8
Module parse failed: Unexpected token (1:8)
You may need an appropriate loader to handle this file type, currently no loaders are configured to process this file. See https://webpack.js.org/concepts#loaders
> declare module 'ajv-keywords' {
|   import { Ajv } from 'ajv';
| 
 @ /Users/kamilzuzda/Projects/Cabiri/repo/test-repo/node_modules sync ^\.\/ajv\-.*\/.*$ ./ajv-keywords/ajv-keywords.d.ts
 @ /Users/kamilzuzda/Projects/Cabiri/repo/test-repo/node_modules/@middy/validator/index.js
 @ ./handler.js
Serverless: Zip service: /Users/kamilzuzda/Projects/Cabiri/repo/test-repo/services/service-2/dist/service [22 ms]
Serverless: Packaging service...
Serverless: Remove /Users/kamilzuzda/Projects/Cabiri/repo/test-repo/services/service-2/dist
